<?xml version="1.0" encoding="UTF-8"?>
<testng-results ignored="0" total="1" passed="1" failed="0" skipped="0">
  <reporter-output>
  </reporter-output>
  <suite started-at="2023-06-18T18:49:18 IST" name="Suite" finished-at="2023-06-18T18:49:42 IST" duration-ms="23336">
    <groups>
    </groups>
    <test started-at="2023-06-18T18:49:18 IST" name="Test" finished-at="2023-06-18T18:49:42 IST" duration-ms="23336">
      <class name="Test_classes_223.Test_Class_1">
        <test-method is-config="true" signature="openBrowser12()[pri:0, instance:Test_classes_223.Test_Class_1@55183b20]" started-at="2023-06-18T18:49:18 IST" name="openBrowser12" finished-at="2023-06-18T18:49:31 IST" duration-ms="12840" status="PASS">
          <reporter-output>
          </reporter-output>
        </test-method> <!-- openBrowser12 -->
        <test-method is-config="true" signature="login12()[pri:0, instance:Test_classes_223.Test_Class_1@55183b20]" started-at="2023-06-18T18:49:31 IST" name="login12" finished-at="2023-06-18T18:49:38 IST" duration-ms="6965" status="PASS">
          <reporter-output>
          </reporter-output>
        </test-method> <!-- login12 -->
        <test-method signature="verifyusername()[pri:0, instance:Test_classes_223.Test_Class_1@55183b20]" started-at="2023-06-18T18:49:38 IST" name="verifyusername" finished-at="2023-06-18T18:49:39 IST" duration-ms="485" status="PASS">
          <reporter-output>
          </reporter-output>
        </test-method> <!-- verifyusername -->
        <test-method is-config="true" signature="logout12(org.testng.ITestResult)[pri:0, instance:Test_classes_223.Test_Class_1@55183b20]" started-at="2023-06-18T18:49:39 IST" name="logout12" finished-at="2023-06-18T18:49:40 IST" duration-ms="1879" status="PASS">
          <params>
            <param index="0">
              <value>
                <![CDATA[[TestResult name=verifyusername status=SUCCESS method=Test_Class_1.verifyusername()[pri:0, instance:Test_classes_223.Test_Class_1@55183b20] output={null}]]]>
              </value>
            </param>
          </params>
          <reporter-output>
          </reporter-output>
        </test-method> <!-- logout12 -->
        <test-method is-config="true" signature="closeBrowser()[pri:0, instance:Test_classes_223.Test_Class_1@55183b20]" started-at="2023-06-18T18:49:40 IST" name="closeBrowser" finished-at="2023-06-18T18:49:42 IST" duration-ms="1114" status="PASS">
          <reporter-output>
          </reporter-output>
        </test-method> <!-- closeBrowser -->
      </class> <!-- Test_classes_223.Test_Class_1 -->
    </test> <!-- Test -->
  </suite> <!-- Suite -->
</testng-results>
